2024-07-04 00:22:41 Error: [MissingControllerException] Controller class PedicdwcController could not be found.
Exception Attributes: array (
  'class' => 'PedicdwcController',
  'plugin' => NULL,
)
Request URL: /pedicdwc
Stack Trace:
#0 /opt/sites/relacionamento-de-tabelas/www/app/webroot/index.php(117): Dispatcher->dispatch(Object(CakeRequest), Object(CakeResponse))
#1 {main}
2024-07-04 00:47:08 Error: [MissingActionException] Action PedidosController::view() could not be found.
Exception Attributes: array (
  'controller' => 'PedidosController',
  'action' => 'view',
)
Request URL: /pedidos/view/1
Stack Trace:
#0 /opt/sites/relacionamento-de-tabelas/www/lib/Cake/Routing/Dispatcher.php(193): Controller->invokeAction(Object(CakeRequest))
#1 /opt/sites/relacionamento-de-tabelas/www/lib/Cake/Routing/Dispatcher.php(167): Dispatcher->_invoke(Object(PedidosController), Object(CakeRequest))
#2 /opt/sites/relacionamento-de-tabelas/www/app/webroot/index.php(117): Dispatcher->dispatch(Object(CakeRequest), Object(CakeResponse))
#3 {main}
2024-07-04 01:01:59 Error: [PDOException] SQLSTATE[42S22]: Column not found: 1054 Unknown column 'pedidos.nome' in 'field list'
Request URL: /pedidos/view/1
Stack Trace:
#0 /opt/sites/relacionamento-de-tabelas/www/lib/Cake/Model/Datasource/DboSource.php(502): PDOStatement->execute(Array)
#1 /opt/sites/relacionamento-de-tabelas/www/lib/Cake/Model/Datasource/DboSource.php(468): DboSource->_execute('select pedidos....', Array)
#2 /opt/sites/relacionamento-de-tabelas/www/lib/Cake/Model/Datasource/DboSource.php(715): DboSource->execute('select pedidos....', Array, Array)
#3 /opt/sites/relacionamento-de-tabelas/www/lib/Cake/Model/Datasource/DboSource.php(641): DboSource->fetchAll('select pedidos....', Array)
#4 /opt/sites/relacionamento-de-tabelas/www/lib/Cake/Model/Model.php(3489): DboSource->query('select pedidos....', false)
#5 /opt/sites/relacionamento-de-tabelas/www/app/Controller/PedidosController.php(10): Model->query('select pedidos....')
#6 [internal function]: PedidosController->view('1')
#7 /opt/sites/relacionamento-de-tabelas/www/lib/Cake/Controller/Controller.php(499): ReflectionMethod->invokeArgs(Object(PedidosController), Array)
#8 /opt/sites/relacionamento-de-tabelas/www/lib/Cake/Routing/Dispatcher.php(193): Controller->invokeAction(Object(CakeRequest))
#9 /opt/sites/relacionamento-de-tabelas/www/lib/Cake/Routing/Dispatcher.php(167): Dispatcher->_invoke(Object(PedidosController), Object(CakeRequest))
#10 /opt/sites/relacionamento-de-tabelas/www/app/webroot/index.php(117): Dispatcher->dispatch(Object(CakeRequest), Object(CakeResponse))
#11 {main}
